<?xml version="1.0" encoding="UTF-8"?>
<!-- Generated by org.testng.reporters.JUnitReportReporter -->
<testsuite hostname="WIN-EMKH1NC1HHO" failures="0" tests="7" name="com.GatewayWebAppTestCases.LoginPgTestCases" time="29.812" errors="0" timestamp="24 Dec 2020 19:31:28 GMT">
  <testcase classname="com.GatewayWebAppTestCases.LoginPgTestCases" name="InvalidUserLoginValidationTest" time="4.188"/>
  <testcase classname="com.GatewayWebAppTestCases.LoginPgTestCases" name="InvalidPasswordLoginValidationTest" time="4.517"/>
  <testcase classname="com.GatewayWebAppTestCases.LoginPgTestCases" name="RememberMeValidationTest" time="3.934"/>
  <testcase classname="com.GatewayWebAppTestCases.LoginPgTestCases" name="ImageValidationTest" time="3.977"/>
  <testcase classname="com.GatewayWebAppTestCases.LoginPgTestCases" name="ForgotPasswordValidationTest" time="4.540"/>
  <testcase classname="com.GatewayWebAppTestCases.LoginPgTestCases" name="CloseButtonValidationTest" time="4.444"/>
  <testcase classname="com.GatewayWebAppTestCases.LoginPgTestCases" name="LoginValidationTest" time="4.212"/>
</testsuite> <!-- com.GatewayWebAppTestCases.LoginPgTestCases -->
