<?xml version="1.0" encoding="UTF-8"?>
<!-- Generated by org.testng.reporters.JUnitReportReporter -->
<testsuite hostname="WIN-EMKH1NC1HHO" failures="0" tests="1" name="com.GatewayWebAppTestCases.jqueryTestCase" time="8.921" errors="0" timestamp="20 Sep 2020 14:39:28 GMT">
  <testcase classname="com.GatewayWebAppTestCases.jqueryTestCase" name="Loginj" time="8.921"/>
</testsuite> <!-- com.GatewayWebAppTestCases.jqueryTestCase -->
