<?xml version="1.0" encoding="UTF-8"?>
<!-- Generated by org.testng.reporters.JUnitReportReporter -->
<testsuite hostname="WIN-EMKH1NC1HHO" failures="0" tests="6" name="com.GatewayWebAppTestCases.PortalPgTestCases" time="25.267" errors="0" timestamp="24 Dec 2020 19:31:28 GMT">
  <testcase classname="com.GatewayWebAppTestCases.PortalPgTestCases" name="ZomatoValidationTest" time="4.200"/>
  <testcase classname="com.GatewayWebAppTestCases.PortalPgTestCases" name="CloudValidationTest" time="4.167"/>
  <testcase classname="com.GatewayWebAppTestCases.PortalPgTestCases" name="RediffValidationTest" time="4.315"/>
  <testcase classname="com.GatewayWebAppTestCases.PortalPgTestCases" name="BenzValidationTest" time="4.153"/>
  <testcase classname="com.GatewayWebAppTestCases.PortalPgTestCases" name="KotakValidationTest" time="4.224"/>
  <testcase classname="com.GatewayWebAppTestCases.PortalPgTestCases" name="QuickerValidationTest" time="4.208"/>
</testsuite> <!-- com.GatewayWebAppTestCases.PortalPgTestCases -->
